# JRE version: Java(TM) SE Runtime Environment (8.0_192-b12) (build 1.8.0_192-b12)
# Java VM: Java HotSpot(TM) 64-Bit Server VM (25.192-b12 mixed mode windows-amd64 compressed oops)
Heap:
 PSYoungGen      total 13312K, used 6376K [0x00000000f5e00000, 0x00000000f7100000, 0x0000000100000000)
  eden space 10240K, 48% used [0x00000000f5e00000,0x00000000f62cd058,0x00000000f6800000)
  from space 3072K, 47% used [0x00000000f6c00000,0x00000000f6d6d018,0x00000000f6f00000)
  to   space 4096K, 0% used [0x00000000f6800000,0x00000000f6800000,0x00000000f6c00000)
 ParOldGen       total 9728K, used 5311K [0x00000000e1a00000, 0x00000000e2380000, 0x00000000f5e00000)
  object space 9728K, 54% used [0x00000000e1a00000,0x00000000e1f2ffb8,0x00000000e2380000)
 Metaspace       used 7741K, capacity 8500K, committed 8704K, reserved 1056768K
  class space    used 911K, capacity 944K, committed 1024K, reserved 1048576K
GC Heap History (10 events):
Event: 3.632 GC heap before
{Heap before GC invocations=5 (full 0):
 PSYoungGen      total 3584K, used 3547K [0x00000000f5e00000, 0x00000000f6200000, 0x0000000100000000)
  eden space 3072K, 99% used [0x00000000f5e00000,0x00000000f60fd860,0x00000000f6100000)
  from space 512K, 94% used [0x00000000f6180000,0x00000000f61f9620,0x00000000f6200000)
  to   space 512K, 0% used [0x00000000f6100000,0x00000000f6100000,0x00000000f6180000)
 ParOldGen       total 5632K, used 790K [0x00000000e1a00000, 0x00000000e1f80000, 0x00000000f5e00000)
  object space 5632K, 14% used [0x00000000e1a00000,0x00000000e1ac5910,0x00000000e1f80000)
 Metaspace       used 6084K, capacity 7244K, committed 7552K, reserved 1056768K
  class space    used 758K, capacity 776K, committed 896K, reserved 1048576K
Event: 3.641 GC heap after
Heap after GC invocations=5 (full 0):
 PSYoungGen      total 3584K, used 485K [0x00000000f5e00000, 0x00000000f6600000, 0x0000000100000000)
  eden space 3072K, 0% used [0x00000000f5e00000,0x00000000f5e00000,0x00000000f6100000)
  from space 512K, 94% used [0x00000000f6100000,0x00000000f6179620,0x00000000f6180000)
  to   space 1024K, 0% used [0x00000000f6500000,0x00000000f6500000,0x00000000f6600000)
 ParOldGen       total 5632K, used 911K [0x00000000e1a00000, 0x00000000e1f80000, 0x00000000f5e00000)
  object space 5632K, 16% used [0x00000000e1a00000,0x00000000e1ae3ec8,0x00000000e1f80000)
 Metaspace       used 6084K, capacity 7244K, committed 7552K, reserved 1056768K
  class space    used 758K, capacity 776K, committed 896K, reserved 1048576K
}
Event: 4.725 GC heap before
{Heap before GC invocations=6 (full 0):
 PSYoungGen      total 3584K, used 3557K [0x00000000f5e00000, 0x00000000f6600000, 0x0000000100000000)
  eden space 3072K, 100% used [0x00000000f5e00000,0x00000000f6100000,0x00000000f6100000)
  from space 512K, 94% used [0x00000000f6100000,0x00000000f6179620,0x00000000f6180000)
  to   space 1024K, 0% used [0x00000000f6500000,0x00000000f6500000,0x00000000f6600000)
 ParOldGen       total 5632K, used 911K [0x00000000e1a00000, 0x00000000e1f80000, 0x00000000f5e00000)
  object space 5632K, 16% used [0x00000000e1a00000,0x00000000e1ae3ec8,0x00000000e1f80000)
 Metaspace       used 7375K, capacity 8308K, committed 8448K, reserved 1056768K
  class space    used 886K, capacity 944K, committed 1024K, reserved 1048576K
Event: 4.763 GC heap after
Heap after GC invocations=6 (full 0):
 PSYoungGen      total 6656K, used 1003K [0x00000000f5e00000, 0x00000000f6700000, 0x0000000100000000)
  eden space 5632K, 0% used [0x00000000f5e00000,0x00000000f5e00000,0x00000000f6380000)
  from space 1024K, 97% used [0x00000000f6500000,0x00000000f65facb0,0x00000000f6600000)
  to   space 1536K, 0% used [0x00000000f6380000,0x00000000f6380000,0x00000000f6500000)
 ParOldGen       total 5632K, used 1055K [0x00000000e1a00000, 0x00000000e1f80000, 0x00000000f5e00000)
  object space 5632K, 18% used [0x00000000e1a00000,0x00000000e1b07ec8,0x00000000e1f80000)
 Metaspace       used 7375K, capacity 8308K, committed 8448K, reserved 1056768K
  class space    used 886K, capacity 944K, committed 1024K, reserved 1048576K
}
Event: 5.502 GC heap before
{Heap before GC invocations=7 (full 0):
 PSYoungGen      total 6656K, used 6635K [0x00000000f5e00000, 0x00000000f6700000, 0x0000000100000000)
  eden space 5632K, 100% used [0x00000000f5e00000,0x00000000f6380000,0x00000000f6380000)
  from space 1024K, 97% used [0x00000000f6500000,0x00000000f65facb0,0x00000000f6600000)
  to   space 1536K, 0% used [0x00000000f6380000,0x00000000f6380000,0x00000000f6500000)
 ParOldGen       total 5632K, used 1055K [0x00000000e1a00000, 0x00000000e1f80000, 0x00000000f5e00000)
  object space 5632K, 18% used [0x00000000e1a00000,0x00000000e1b07ec8,0x00000000e1f80000)
 Metaspace       used 7539K, capacity 8372K, committed 8704K, reserved 1056768K
  class space    used 898K, capacity 944K, committed 1024K, reserved 1048576K
Event: 5.523 GC heap after
Heap after GC invocations=7 (full 0):
 PSYoungGen      total 7168K, used 1523K [0x00000000f5e00000, 0x00000000f6f00000, 0x0000000100000000)
  eden space 5632K, 0% used [0x00000000f5e00000,0x00000000f5e00000,0x00000000f6380000)
  from space 1536K, 99% used [0x00000000f6380000,0x00000000f64fcce8,0x00000000f6500000)
  to   space 3072K, 0% used [0x00000000f6c00000,0x00000000f6c00000,0x00000000f6f00000)
 ParOldGen       total 5632K, used 3396K [0x00000000e1a00000, 0x00000000e1f80000, 0x00000000f5e00000)
  object space 5632K, 60% used [0x00000000e1a00000,0x00000000e1d51298,0x00000000e1f80000)
 Metaspace       used 7539K, capacity 8372K, committed 8704K, reserved 1056768K
  class space    used 898K, capacity 944K, committed 1024K, reserved 1048576K
}
Event: 6.141 GC heap before
{Heap before GC invocations=8 (full 0):
 PSYoungGen      total 7168K, used 7155K [0x00000000f5e00000, 0x00000000f6f00000, 0x0000000100000000)
  eden space 5632K, 100% used [0x00000000f5e00000,0x00000000f6380000,0x00000000f6380000)
  from space 1536K, 99% used [0x00000000f6380000,0x00000000f64fcce8,0x00000000f6500000)
  to   space 3072K, 0% used [0x00000000f6c00000,0x00000000f6c00000,0x00000000f6f00000)
 ParOldGen       total 5632K, used 3396K [0x00000000e1a00000, 0x00000000e1f80000, 0x00000000f5e00000)
  object space 5632K, 60% used [0x00000000e1a00000,0x00000000e1d51298,0x00000000e1f80000)
 Metaspace       used 7670K, capacity 8436K, committed 8704K, reserved 1056768K
  class space    used 907K, capacity 944K, committed 1024K, reserved 1048576K
Event: 6.167 GC heap after
Heap after GC invocations=8 (full 0):
 PSYoungGen      total 13312K, used 3062K [0x00000000f5e00000, 0x00000000f7100000, 0x0000000100000000)
  eden space 10240K, 0% used [0x00000000f5e00000,0x00000000f5e00000,0x00000000f6800000)
  from space 3072K, 99% used [0x00000000f6c00000,0x00000000f6efd990,0x00000000f6f00000)
  to   space 4096K, 0% used [0x00000000f6800000,0x00000000f6800000,0x00000000f6c00000)
 ParOldGen       total 5632K, used 4176K [0x00000000e1a00000, 0x00000000e1f80000, 0x00000000f5e00000)
  object space 5632K, 74% used [0x00000000e1a00000,0x00000000e1e142a8,0x00000000e1f80000)
 Metaspace       used 7670K, capacity 8436K, committed 8704K, reserved 1056768K
  class space    used 907K, capacity 944K, committed 1024K, reserved 1048576K
}
Event: 6.167 GC heap before
{Heap before GC invocations=9 (full 1):
 PSYoungGen      total 13312K, used 3062K [0x00000000f5e00000, 0x00000000f7100000, 0x0000000100000000)
  eden space 10240K, 0% used [0x00000000f5e00000,0x00000000f5e00000,0x00000000f6800000)
  from space 3072K, 99% used [0x00000000f6c00000,0x00000000f6efd990,0x00000000f6f00000)
  to   space 4096K, 0% used [0x00000000f6800000,0x00000000f6800000,0x00000000f6c00000)
 ParOldGen       total 5632K, used 4176K [0x00000000e1a00000, 0x00000000e1f80000, 0x00000000f5e00000)
  object space 5632K, 74% used [0x00000000e1a00000,0x00000000e1e142a8,0x00000000e1f80000)
 Metaspace       used 7670K, capacity 8436K, committed 8704K, reserved 1056768K
  class space    used 907K, capacity 944K, committed 1024K, reserved 1048576K
Event: 6.470 GC heap after
Heap after GC invocations=9 (full 1):
 PSYoungGen      total 13312K, used 1460K [0x00000000f5e00000, 0x00000000f7100000, 0x0000000100000000)
  eden space 10240K, 0% used [0x00000000f5e00000,0x00000000f5e00000,0x00000000f6800000)
  from space 3072K, 47% used [0x00000000f6c00000,0x00000000f6d6d018,0x00000000f6f00000)
  to   space 4096K, 0% used [0x00000000f6800000,0x00000000f6800000,0x00000000f6c00000)
 ParOldGen       total 9728K, used 5311K [0x00000000e1a00000, 0x00000000e2380000, 0x00000000f5e00000)
  object space 9728K, 54% used [0x00000000e1a00000,0x00000000e1f2ffb8,0x00000000e2380000)
 Metaspace       used 7670K, capacity 8436K, committed 8704K, reserved 1056768K
  class space    used 907K, capacity 944K, committed 1024K, reserved 1048576K
}

